# JRE version: Java(TM) SE Runtime Environment (8.0_172-b11) (build 1.8.0_172-b11)
# Java VM: Java HotSpot(TM) 64-Bit Server VM (25.172-b11 mixed mode windows-amd64 compressed oops)
Heap:
 PSYoungGen      total 317952K, used 105733K [0x0000000780800000, 0x0000000796280000, 0x00000007c0000000)
  eden space 316416K, 33% used [0x0000000780800000,0x0000000786e1d3f0,0x0000000793d00000)
  from space 1536K, 76% used [0x0000000794880000,0x00000007949a4010,0x0000000794a00000)
  to   space 16384K, 0% used [0x0000000795280000,0x0000000795280000,0x0000000796280000)
 ParOldGen       total 129024K, used 45747K [0x0000000701800000, 0x0000000709600000, 0x0000000780800000)
  object space 129024K, 35% used [0x0000000701800000,0x00000007044ace48,0x0000000709600000)
 Metaspace       used 53502K, capacity 56734K, committed 56960K, reserved 1097728K
  class space    used 7483K, capacity 8026K, committed 8064K, reserved 1048576K
GC Heap History (10 events):
Event: 29.932 GC heap before
{Heap before GC invocations=15 (full 2):
 PSYoungGen      total 202240K, used 202061K [0x0000000780800000, 0x000000078df80000, 0x00000007c0000000)
  eden space 189440K, 100% used [0x0000000780800000,0x000000078c100000,0x000000078c100000)
  from space 12800K, 98% used [0x000000078d300000,0x000000078df536a8,0x000000078df80000)
  to   space 15360K, 0% used [0x000000078c180000,0x000000078c180000,0x000000078d080000)
 ParOldGen       total 129024K, used 22435K [0x0000000701800000, 0x0000000709600000, 0x0000000780800000)
  object space 129024K, 17% used [0x0000000701800000,0x0000000702de8c18,0x0000000709600000)
 Metaspace       used 47487K, capacity 49862K, committed 50048K, reserved 1091584K
  class space    used 6568K, capacity 7021K, committed 7040K, reserved 1048576K
Event: 29.958 GC heap after
Heap after GC invocations=15 (full 2):
 PSYoungGen      total 205312K, used 11143K [0x0000000780800000, 0x0000000792000000, 0x00000007c0000000)
  eden space 189952K, 0% used [0x0000000780800000,0x0000000780800000,0x000000078c180000)
  from space 15360K, 72% used [0x000000078c180000,0x000000078cc61d40,0x000000078d080000)
  to   space 15872K, 0% used [0x0000000791080000,0x0000000791080000,0x0000000792000000)
 ParOldGen       total 129024K, used 30339K [0x0000000701800000, 0x0000000709600000, 0x0000000780800000)
  object space 129024K, 23% used [0x0000000701800000,0x00000007035a0c10,0x0000000709600000)
 Metaspace       used 47487K, capacity 49862K, committed 50048K, reserved 1091584K
  class space    used 6568K, capacity 7021K, committed 7040K, reserved 1048576K
}
Event: 31.123 GC heap before
{Heap before GC invocations=16 (full 2):
 PSYoungGen      total 205312K, used 201095K [0x0000000780800000, 0x0000000792000000, 0x00000007c0000000)
  eden space 189952K, 100% used [0x0000000780800000,0x000000078c180000,0x000000078c180000)
  from space 15360K, 72% used [0x000000078c180000,0x000000078cc61d40,0x000000078d080000)
  to   space 15872K, 0% used [0x0000000791080000,0x0000000791080000,0x0000000792000000)
 ParOldGen       total 129024K, used 30339K [0x0000000701800000, 0x0000000709600000, 0x0000000780800000)
  object space 129024K, 23% used [0x0000000701800000,0x00000007035a0c10,0x0000000709600000)
 Metaspace       used 49159K, capacity 51890K, committed 52224K, reserved 1093632K
  class space    used 6836K, capacity 7320K, committed 7424K, reserved 1048576K
Event: 31.147 GC heap after
Heap after GC invocations=16 (full 2):
 PSYoungGen      total 271360K, used 6482K [0x0000000780800000, 0x0000000792300000, 0x00000007c0000000)
  eden space 255488K, 0% used [0x0000000780800000,0x0000000780800000,0x0000000790180000)
  from space 15872K, 40% used [0x0000000791080000,0x00000007916d4ad8,0x0000000792000000)
  to   space 15360K, 0% used [0x0000000790180000,0x0000000790180000,0x0000000791080000)
 ParOldGen       total 129024K, used 39251K [0x0000000701800000, 0x0000000709600000, 0x0000000780800000)
  object space 129024K, 30% used [0x0000000701800000,0x0000000703e54c30,0x0000000709600000)
 Metaspace       used 49159K, capacity 51890K, committed 52224K, reserved 1093632K
  class space    used 6836K, capacity 7320K, committed 7424K, reserved 1048576K
}
Event: 44.118 GC heap before
{Heap before GC invocations=17 (full 2):
 PSYoungGen      total 271360K, used 261970K [0x0000000780800000, 0x0000000792300000, 0x00000007c0000000)
  eden space 255488K, 100% used [0x0000000780800000,0x0000000790180000,0x0000000790180000)
  from space 15872K, 40% used [0x0000000791080000,0x00000007916d4ad8,0x0000000792000000)
  to   space 15360K, 0% used [0x0000000790180000,0x0000000790180000,0x0000000791080000)
 ParOldGen       total 129024K, used 39251K [0x0000000701800000, 0x0000000709600000, 0x0000000780800000)
  object space 129024K, 30% used [0x0000000701800000,0x0000000703e54c30,0x0000000709600000)
 Metaspace       used 52333K, capacity 55430K, committed 55552K, reserved 1097728K
  class space    used 7336K, capacity 7858K, committed 7936K, reserved 1048576K
Event: 44.138 GC heap after
Heap after GC invocations=17 (full 2):
 PSYoungGen      total 270848K, used 6112K [0x0000000780800000, 0x0000000797100000, 0x00000007c0000000)
  eden space 255488K, 0% used [0x0000000780800000,0x0000000780800000,0x0000000790180000)
  from space 15360K, 39% used [0x0000000790180000,0x00000007907782f0,0x0000000791080000)
  to   space 15360K, 0% used [0x0000000796200000,0x0000000796200000,0x0000000797100000)
 ParOldGen       total 129024K, used 42287K [0x0000000701800000, 0x0000000709600000, 0x0000000780800000)
  object space 129024K, 32% used [0x0000000701800000,0x000000070414bd10,0x0000000709600000)
 Metaspace       used 52333K, capacity 55430K, committed 55552K, reserved 1097728K
  class space    used 7336K, capacity 7858K, committed 7936K, reserved 1048576K
}
Event: 349.171 GC heap before
{Heap before GC invocations=18 (full 2):
 PSYoungGen      total 270848K, used 261600K [0x0000000780800000, 0x0000000797100000, 0x00000007c0000000)
  eden space 255488K, 100% used [0x0000000780800000,0x0000000790180000,0x0000000790180000)
  from space 15360K, 39% used [0x0000000790180000,0x00000007907782f0,0x0000000791080000)
  to   space 15360K, 0% used [0x0000000796200000,0x0000000796200000,0x0000000797100000)
 ParOldGen       total 129024K, used 42287K [0x0000000701800000, 0x0000000709600000, 0x0000000780800000)
  object space 129024K, 32% used [0x0000000701800000,0x000000070414bd10,0x0000000709600000)
 Metaspace       used 53461K, capacity 56646K, committed 56704K, reserved 1097728K
  class space    used 7480K, capacity 8022K, committed 8064K, reserved 1048576K
Event: 349.187 GC heap after
Heap after GC invocations=18 (full 2):
 PSYoungGen      total 333824K, used 1938K [0x0000000780800000, 0x0000000796780000, 0x00000007c0000000)
  eden space 328192K, 0% used [0x0000000780800000,0x0000000780800000,0x0000000794880000)
  from space 5632K, 34% used [0x0000000796200000,0x00000007963e4be8,0x0000000796780000)
  to   space 15872K, 0% used [0x0000000794880000,0x0000000794880000,0x0000000795800000)
 ParOldGen       total 129024K, used 45739K [0x0000000701800000, 0x0000000709600000, 0x0000000780800000)
  object space 129024K, 35% used [0x0000000701800000,0x00000007044aae48,0x0000000709600000)
 Metaspace       used 53461K, capacity 56646K, committed 56704K, reserved 1097728K
  class space    used 7480K, capacity 8022K, committed 8064K, reserved 1048576K
}
Event: 797.746 GC heap before
{Heap before GC invocations=19 (full 2):
 PSYoungGen      total 333824K, used 330130K [0x0000000780800000, 0x0000000796780000, 0x00000007c0000000)
  eden space 328192K, 100% used [0x0000000780800000,0x0000000794880000,0x0000000794880000)
  from space 5632K, 34% used [0x0000000796200000,0x00000007963e4be8,0x0000000796780000)
  to   space 15872K, 0% used [0x0000000794880000,0x0000000794880000,0x0000000795800000)
 ParOldGen       total 129024K, used 45739K [0x0000000701800000, 0x0000000709600000, 0x0000000780800000)
  object space 129024K, 35% used [0x0000000701800000,0x00000007044aae48,0x0000000709600000)
 Metaspace       used 53501K, capacity 56670K, committed 56960K, reserved 1097728K
  class space    used 7483K, capacity 8026K, committed 8064K, reserved 1048576K
Event: 797.752 GC heap after
Heap after GC invocations=19 (full 2):
 PSYoungGen      total 317952K, used 1168K [0x0000000780800000, 0x0000000796280000, 0x00000007c0000000)
  eden space 316416K, 0% used [0x0000000780800000,0x0000000780800000,0x0000000793d00000)
  from space 1536K, 76% used [0x0000000794880000,0x00000007949a4010,0x0000000794a00000)
  to   space 16384K, 0% used [0x0000000795280000,0x0000000795280000,0x0000000796280000)
 ParOldGen       total 129024K, used 45747K [0x0000000701800000, 0x0000000709600000, 0x0000000780800000)
  object space 129024K, 35% used [0x0000000701800000,0x00000007044ace48,0x0000000709600000)
 Metaspace       used 53501K, capacity 56670K, committed 56960K, reserved 1097728K
  class space    used 7483K, capacity 8026K, committed 8064K, reserved 1048576K
}

